{"level":"debug","time":"2021-08-03T22:23:27.529671-03:00","message":"Start Run","config":{"proto":"./testdata/grpcbin.proto","protoset":"","call":"grpcbin.GRPCBin.Dummy","cacert":"","cert":"","key":"","count-errors":false,"skipTLS":false,"skipFirst":0,"cname":"","authority":"","insecure":true,"total":10,"concurrency":2,"concurrency-schedule":"const","concurrency-start":0,"concurrency-end":0,"concurrency-step":1,"concurrency-step-duration":"0s","concurrency-max-duration":"0s","connections":1,"rps":0,"duration":"0s","duration-stop":"close","max-duration":"0s","timeout":"20s","data":{"f_string":"foo"},"data-file":"","binary-file":"","metadata-file":"","stream-interval":"0s","stream-call-duration":"0s","stream-call-count":0,"stream-dynamic-messages":false,"output":"","format":"summary","connect-timeout":"10s","keepalive":"0s","cpus":12,"debug":"./ghz.log","host":"grpcb.in:9000","load-schedule":"const","load-start":0,"load-end":0,"load-step":0,"load-step-duration":"0s","load-max-duration":"0s","lb-strategy":""}}
{"level":"error","time":"2021-08-03T22:23:27.531707-03:00","message":"Error from run: service \"grpcbin.GRPCBin\" does not include a method named \"Dummy\"","stacktrace":"main.main\n\t/Users/bdjurkovic/go/ghz/cmd/ghz/main.go:318\nruntime.main\n\t/usr/local/go/src/runtime/proc.go:225"}
{"level":"debug","time":"2021-08-03T22:23:41.221135-03:00","message":"Start Run","config":{"proto":"./testdata/grpcbin.proto","protoset":"","call":"grpcbin.GRPCBin.DummyUnary","cacert":"","cert":"","key":"","count-errors":false,"skipTLS":false,"skipFirst":0,"cname":"","authority":"","insecure":true,"total":10,"concurrency":2,"concurrency-schedule":"const","concurrency-start":0,"concurrency-end":0,"concurrency-step":1,"concurrency-step-duration":"0s","concurrency-max-duration":"0s","connections":1,"rps":0,"duration":"0s","duration-stop":"close","max-duration":"0s","timeout":"20s","data":{"f_string":"foo"},"data-file":"","binary-file":"","metadata-file":"","stream-interval":"0s","stream-call-duration":"0s","stream-call-count":0,"stream-dynamic-messages":false,"output":"","format":"summary","connect-timeout":"10s","keepalive":"0s","cpus":12,"debug":"./ghz.log","host":"grpcb.in:9000","load-schedule":"const","load-start":0,"load-end":0,"load-step":0,"load-step-duration":"0s","load-max-duration":"0s","lb-strategy":""}}
{"level":"debug","time":"2021-08-03T22:23:41.223304-03:00","message":"Creating client connection","options":[{},{}]}
{"level":"debug","time":"2021-08-03T22:23:41.223527-03:00","message":"Worker ticker.","delta":2}
{"level":"debug","time":"2021-08-03T22:23:41.223577-03:00","message":"Creating worker with ID: g0c0","workerID":"g0c0"}
{"level":"debug","time":"2021-08-03T22:23:41.223621-03:00","message":"Creating worker with ID: g1c0","workerID":"g1c0"}
{"level":"debug","time":"2021-08-03T22:23:41.223745-03:00","message":"Making request","workerID":"g1c0","call type":"unary","call":"grpcbin.GRPCBin.DummyUnary","input":[{"fString":"foo"}],"metadata":{}}
{"level":"debug","time":"2021-08-03T22:23:41.223869-03:00","message":"Making request","workerID":"g0c0","call type":"unary","call":"grpcbin.GRPCBin.DummyUnary","input":[{"fString":"foo"}],"metadata":{}}
{"level":"debug","time":"2021-08-03T22:23:41.5833-03:00","message":"Received RPC Stats","statsID":0,"code":"OK","error":null,"duration":0.359335533,"stats":{"Client":true,"BeginTime":"2021-08-03T22:23:41.223957-03:00","EndTime":"2021-08-03T22:23:41.583294-03:00","Trailer":{},"Error":null}}
{"level":"debug","time":"2021-08-03T22:23:41.583303-03:00","message":"Received RPC Stats","statsID":0,"code":"OK","error":null,"duration":0.359429969,"stats":{"Client":true,"BeginTime":"2021-08-03T22:23:41.223867-03:00","EndTime":"2021-08-03T22:23:41.583299-03:00","Trailer":{},"Error":null}}
{"level":"debug","time":"2021-08-03T22:23:41.583716-03:00","message":"Received response","workerID":"g0c0","call type":"unary","call":"grpcbin.GRPCBin.DummyUnary","input":"f_string:\"foo\"","metadata":{},"response":"f_string:\"foo\"","error":null}
{"level":"debug","time":"2021-08-03T22:23:41.58376-03:00","message":"Received response","workerID":"g1c0","call type":"unary","call":"grpcbin.GRPCBin.DummyUnary","input":"f_string:\"foo\"","metadata":{},"response":"f_string:\"foo\"","error":null}
{"level":"debug","time":"2021-08-03T22:23:41.583828-03:00","message":"Making request","workerID":"g0c0","call type":"unary","call":"grpcbin.GRPCBin.DummyUnary","input":[{"fString":"foo"}],"metadata":{}}
{"level":"debug","time":"2021-08-03T22:23:41.583922-03:00","message":"Making request","workerID":"g1c0","call type":"unary","call":"grpcbin.GRPCBin.DummyUnary","input":[{"fString":"foo"}],"metadata":{}}
{"level":"debug","time":"2021-08-03T22:23:41.70013-03:00","message":"Received RPC Stats","statsID":0,"code":"OK","error":null,"duration":0.116180021,"stats":{"Client":true,"BeginTime":"2021-08-03T22:23:41.583943-03:00","EndTime":"2021-08-03T22:23:41.700124-03:00","Trailer":{},"Error":null}}
{"level":"debug","time":"2021-08-03T22:23:41.700266-03:00","message":"Received response","workerID":"g0c0","call type":"unary","call":"grpcbin.GRPCBin.DummyUnary","input":"f_string:\"foo\"","metadata":{},"response":"f_string:\"foo\"","error":null}
{"level":"debug","time":"2021-08-03T22:23:41.700266-03:00","message":"Received RPC Stats","statsID":0,"code":"OK","error":null,"duration":0.11627623,"stats":{"Client":true,"BeginTime":"2021-08-03T22:23:41.583975-03:00","EndTime":"2021-08-03T22:23:41.700252-03:00","Trailer":{},"Error":null}}
{"level":"debug","time":"2021-08-03T22:23:41.700385-03:00","message":"Making request","workerID":"g0c0","call type":"unary","call":"grpcbin.GRPCBin.DummyUnary","input":[{"fString":"foo"}],"metadata":{}}
{"level":"debug","time":"2021-08-03T22:23:41.700451-03:00","message":"Received response","workerID":"g1c0","call type":"unary","call":"grpcbin.GRPCBin.DummyUnary","input":"f_string:\"foo\"","metadata":{},"response":"f_string:\"foo\"","error":null}
{"level":"debug","time":"2021-08-03T22:23:41.700612-03:00","message":"Making request","workerID":"g1c0","call type":"unary","call":"grpcbin.GRPCBin.DummyUnary","input":[{"fString":"foo"}],"metadata":{}}
{"level":"debug","time":"2021-08-03T22:23:41.81722-03:00","message":"Received RPC Stats","statsID":0,"code":"OK","error":null,"duration":0.116740858,"stats":{"Client":true,"BeginTime":"2021-08-03T22:23:41.700472-03:00","EndTime":"2021-08-03T22:23:41.817214-03:00","Trailer":{},"Error":null}}
{"level":"debug","time":"2021-08-03T22:23:41.817279-03:00","message":"Received RPC Stats","statsID":0,"code":"OK","error":null,"duration":0.116551847,"stats":{"Client":true,"BeginTime":"2021-08-03T22:23:41.700722-03:00","EndTime":"2021-08-03T22:23:41.817274-03:00","Trailer":{},"Error":null}}
{"level":"debug","time":"2021-08-03T22:23:41.817418-03:00","message":"Received response","workerID":"g0c0","call type":"unary","call":"grpcbin.GRPCBin.DummyUnary","input":"f_string:\"foo\"","metadata":{},"response":"f_string:\"foo\"","error":null}
{"level":"debug","time":"2021-08-03T22:23:41.817511-03:00","message":"Received response","workerID":"g1c0","call type":"unary","call":"grpcbin.GRPCBin.DummyUnary","input":"f_string:\"foo\"","metadata":{},"response":"f_string:\"foo\"","error":null}
{"level":"debug","time":"2021-08-03T22:23:41.817663-03:00","message":"Making request","workerID":"g0c0","call type":"unary","call":"grpcbin.GRPCBin.DummyUnary","input":[{"fString":"foo"}],"metadata":{}}
{"level":"debug","time":"2021-08-03T22:23:41.817809-03:00","message":"Making request","workerID":"g1c0","call type":"unary","call":"grpcbin.GRPCBin.DummyUnary","input":[{"fString":"foo"}],"metadata":{}}
{"level":"debug","time":"2021-08-03T22:23:41.93291-03:00","message":"Received RPC Stats","statsID":0,"code":"OK","error":null,"duration":0.115117287,"stats":{"Client":true,"BeginTime":"2021-08-03T22:23:41.81775-03:00","EndTime":"2021-08-03T22:23:41.932868-03:00","Trailer":{},"Error":null}}
{"level":"debug","time":"2021-08-03T22:23:41.933035-03:00","message":"Received response","workerID":"g0c0","call type":"unary","call":"grpcbin.GRPCBin.DummyUnary","input":"f_string:\"foo\"","metadata":{},"response":"f_string:\"foo\"","error":null}
{"level":"debug","time":"2021-08-03T22:23:41.933141-03:00","message":"Making request","workerID":"g0c0","call type":"unary","call":"grpcbin.GRPCBin.DummyUnary","input":[{"fString":"foo"}],"metadata":{}}
{"level":"debug","time":"2021-08-03T22:23:41.934414-03:00","message":"Received RPC Stats","statsID":0,"code":"OK","error":null,"duration":0.116469524,"stats":{"Client":true,"BeginTime":"2021-08-03T22:23:41.817941-03:00","EndTime":"2021-08-03T22:23:41.934411-03:00","Trailer":{},"Error":null}}
{"level":"debug","time":"2021-08-03T22:23:41.934485-03:00","message":"Received response","workerID":"g1c0","call type":"unary","call":"grpcbin.GRPCBin.DummyUnary","input":"f_string:\"foo\"","metadata":{},"response":"f_string:\"foo\"","error":null}
{"level":"debug","time":"2021-08-03T22:23:41.934542-03:00","message":"Making request","workerID":"g1c0","call type":"unary","call":"grpcbin.GRPCBin.DummyUnary","input":[{"fString":"foo"}],"metadata":{}}
{"level":"debug","time":"2021-08-03T22:23:41.934556-03:00","message":"Received stop from pacer."}
{"level":"debug","time":"2021-08-03T22:23:42.049338-03:00","message":"Received RPC Stats","statsID":0,"code":"OK","error":null,"duration":0.116138345,"stats":{"Client":true,"BeginTime":"2021-08-03T22:23:41.933193-03:00","EndTime":"2021-08-03T22:23:42.049332-03:00","Trailer":{},"Error":null}}
{"level":"debug","time":"2021-08-03T22:23:42.049487-03:00","message":"Received response","workerID":"g0c0","call type":"unary","call":"grpcbin.GRPCBin.DummyUnary","input":"f_string:\"foo\"","metadata":{},"response":"f_string:\"foo\"","error":null}
{"level":"debug","time":"2021-08-03T22:23:42.050293-03:00","message":"Received RPC Stats","statsID":0,"code":"OK","error":null,"duration":0.115706986,"stats":{"Client":true,"BeginTime":"2021-08-03T22:23:41.93458-03:00","EndTime":"2021-08-03T22:23:42.050287-03:00","Trailer":{},"Error":null}}
{"level":"debug","time":"2021-08-03T22:23:42.050455-03:00","message":"Received response","workerID":"g1c0","call type":"unary","call":"grpcbin.GRPCBin.DummyUnary","input":"f_string:\"foo\"","metadata":{},"response":"f_string:\"foo\"","error":null}
{"level":"debug","time":"2021-08-03T22:23:42.050532-03:00","message":"Waiting for report"}
{"level":"debug","time":"2021-08-03T22:23:42.050612-03:00","message":"Finilizing report"}
{"level":"debug","time":"2021-08-03T22:23:42.050717-03:00","message":"Closing client connections"}
{"level":"debug","time":"2021-08-03T22:23:42.050863-03:00","message":"Run finished"}
{"level":"debug","time":"2021-08-03T22:23:42.050938-03:00","message":"Printing report to stdout","path":"stdout"}
